{"timestamp": "2025-11-06T11:21:54.893186Z", "level": "info", "event": "Running in LOCAL mode: .env loaded"}
{"timestamp": "2025-11-06T11:21:54.893772Z", "level": "info", "event": "Loaded GROQ_API_KEY from individual env var"}
{"timestamp": "2025-11-06T11:21:54.894039Z", "level": "info", "event": "Loaded GOOGLE_API_KEY from individual env var"}
{"keys": {"GROQ_API_KEY": "gsk_Fu...", "GOOGLE_API_KEY": "AIzaSy..."}, "timestamp": "2025-11-06T11:21:54.894259Z", "level": "info", "event": "API keys loaded"}
{"config_keys": ["embedding_model", "retriever", "llm"], "timestamp": "2025-11-06T11:21:54.896217Z", "level": "info", "event": "YAML config loaded"}
{"session_id": "session_20251106_165154_557b6187", "temp_dir": "data\\session_20251106_165154_557b6187", "faiss_dir": "faiss_index\\session_20251106_165154_557b6187", "sessionized": true, "timestamp": "2025-11-06T11:21:54.897636Z", "level": "info", "event": "ChatIngestor initialized"}
{"uploaded": "D:/LLMOPS/data/REPORT -2.pdf", "saved_as": "data\\session_20251106_165154_557b6187\\cd6436f7.pdf", "timestamp": "2025-11-06T11:21:54.900636Z", "level": "info", "event": "File saved for ingestion"}
{"error": "`pypdf` package not found, please install it with `pip install pypdf`", "timestamp": "2025-11-06T11:21:54.935352Z", "level": "error", "event": "Failed loading documents"}
{"error": "Error in [D:\\LLMOPS\\.venv\\Lib\\site-packages\\langchain_community\\document_loaders\\parsers\\pdf.py] at line [361] | Message: Error loading documents\nTraceback:\nTraceback (most recent call last):\n  File \"D:\\LLMOPS\\.venv\\Lib\\site-packages\\langchain_community\\document_loaders\\parsers\\pdf.py\", line 359, in lazy_parse\n    import pypdf\nModuleNotFoundError: No module named 'pypdf'\n\nDuring handling of the above exception, another exception occurred:\n\nTraceback (most recent call last):\n  File \"D:\\LLMOPS\\multi_doc_chat\\utils\\document_ops.py\", line 28, in load_documents\n    docs.extend(loader.load())\n                ~~~~~~~~~~~^^\n  File \"D:\\LLMOPS\\.venv\\Lib\\site-packages\\langchain_core\\document_loaders\\base.py\", line 32, in load\n    return list(self.lazy_load())\n  File \"D:\\LLMOPS\\.venv\\Lib\\site-packages\\langchain_community\\document_loaders\\pdf.py\", line 305, in lazy_load\n    yield from self.parser.lazy_parse(blob)\n  File \"D:\\LLMOPS\\.venv\\Lib\\site-packages\\langchain_community\\document_loaders\\parsers\\pdf.py\", line 361, in lazy_parse\n    raise ImportError(\n        \"`pypdf` package not found, please install it with `pip install pypdf`\"\n    )\nImportError: `pypdf` package not found, please install it with `pip install pypdf`\n", "timestamp": "2025-11-06T11:21:54.937828Z", "level": "error", "event": "Failed to build retriever"}
